TN:
SF:index.js
FN:10,main
FN:43,(anonymous_1)
FN:44,(anonymous_2)
FN:45,(anonymous_3)
FN:46,(anonymous_4)
FN:49,(anonymous_5)
FN:82,(anonymous_6)
FN:101,(anonymous_7)
FN:104,(anonymous_8)
FN:110,(anonymous_9)
FN:121,(anonymous_10)
FN:147,(anonymous_11)
FN:155,(anonymous_12)
FN:156,(anonymous_13)
FN:160,(anonymous_14)
FN:173,(anonymous_15)
FNF:16
FNH:0
FNDA:0,main
FNDA:0,(anonymous_1)
FNDA:0,(anonymous_2)
FNDA:0,(anonymous_3)
FNDA:0,(anonymous_4)
FNDA:0,(anonymous_5)
FNDA:0,(anonymous_6)
FNDA:0,(anonymous_7)
FNDA:0,(anonymous_8)
FNDA:0,(anonymous_9)
FNDA:0,(anonymous_10)
FNDA:0,(anonymous_11)
FNDA:0,(anonymous_12)
FNDA:0,(anonymous_13)
FNDA:0,(anonymous_14)
FNDA:0,(anonymous_15)
DA:1,0
DA:2,0
DA:3,0
DA:5,0
DA:6,0
DA:7,0
DA:8,0
DA:11,0
DA:14,0
DA:15,0
DA:16,0
DA:17,0
DA:19,0
DA:20,0
DA:24,0
DA:25,0
DA:27,0
DA:28,0
DA:31,0
DA:32,0
DA:35,0
DA:38,0
DA:41,0
DA:43,0
DA:44,0
DA:45,0
DA:46,0
DA:49,0
DA:50,0
DA:52,0
DA:53,0
DA:55,0
DA:61,0
DA:69,0
DA:72,0
DA:73,0
DA:76,0
DA:77,0
DA:78,0
DA:79,0
DA:81,0
DA:82,0
DA:83,0
DA:84,0
DA:87,0
DA:88,0
DA:90,0
DA:95,0
DA:96,0
DA:101,0
DA:103,0
DA:104,0
DA:108,0
DA:109,0
DA:110,0
DA:112,0
DA:113,0
DA:118,0
DA:119,0
DA:121,0
DA:122,0
DA:123,0
DA:126,0
DA:127,0
DA:130,0
DA:132,0
DA:133,0
DA:134,0
DA:136,0
DA:139,0
DA:142,0
DA:147,0
DA:148,0
DA:149,0
DA:150,0
DA:151,0
DA:152,0
DA:155,0
DA:156,0
DA:159,0
DA:160,0
DA:161,0
DA:162,0
DA:163,0
DA:164,0
DA:165,0
DA:168,0
DA:173,0
DA:174,0
DA:175,0
LF:90
LH:0
BRDA:63,0,0,0
BRDA:63,0,1,0
BRDA:76,1,0,0
BRDA:76,1,1,0
BRDA:81,2,0,0
BRDA:81,2,1,0
BRDA:87,3,0,0
BRDA:87,3,1,0
BRDA:103,4,0,0
BRDA:103,4,1,0
BRDA:109,5,0,0
BRDA:109,5,1,0
BRDA:132,6,0,0
BRDA:132,6,1,0
BRDA:164,7,0,0
BRDA:164,7,1,0
BRF:16
BRH:0
end_of_record
TN:
SF:test-cjs.js
FNF:0
FNH:0
DA:1,0
LF:1
LH:0
BRF:0
BRH:0
end_of_record
TN:
SF:test-esm.js
FNF:0
FNH:0
DA:1,0
LF:1
LH:0
BRF:0
BRH:0
end_of_record
TN:
SF:src\account.js
FN:13,initializeKeeperAccount
FN:51,(anonymous_1)
FN:71,getKeeperAccount
FN:78,loadAccount
FNF:4
FNH:2
FNDA:5,initializeKeeperAccount
FNDA:3,(anonymous_1)
FNDA:0,getKeeperAccount
FNDA:0,loadAccount
DA:1,1
DA:2,1
DA:14,5
DA:15,5
DA:16,1
DA:20,4
DA:21,4
DA:23,0
DA:26,4
DA:27,4
DA:29,4
DA:30,4
DA:33,4
DA:35,4
DA:38,1
DA:39,1
DA:44,0
DA:48,3
DA:49,3
DA:51,3
DA:52,3
DA:54,3
DA:55,2
DA:56,2
DA:57,1
DA:59,1
DA:63,2
DA:72,0
DA:79,0
DA:82,1
LF:30
LH:26
BRDA:15,0,0,1
BRDA:15,0,1,4
BRDA:29,1,0,4
BRDA:29,1,1,4
BRDA:38,2,0,1
BRDA:38,2,1,0
BRDA:38,3,0,1
BRDA:38,3,1,1
BRDA:48,4,0,3
BRDA:48,4,1,0
BRDA:52,5,0,3
BRDA:52,5,1,0
BRDA:54,6,0,2
BRDA:54,6,1,1
BRDA:56,7,0,1
BRDA:56,7,1,1
BRF:16
BRH:13
end_of_record
TN:
SF:src\config.js
FN:5,loadConfig
FN:14,(anonymous_1)
FNF:2
FNH:0
FNDA:0,loadConfig
FNDA:0,(anonymous_1)
DA:3,0
DA:6,0
DA:14,0
DA:16,0
DA:17,0
DA:22,0
LF:6
LH:0
BRDA:16,0,0,0
BRDA:16,0,1,0
BRDA:28,1,0,0
BRDA:28,1,1,0
BRF:4
BRH:0
end_of_record
TN:
SF:src\executor.js
FN:3,createExecutor
FN:5,(anonymous_1)
FN:6,(anonymous_2)
FNF:3
FNH:0
FNDA:0,createExecutor
FNDA:0,(anonymous_1)
FNDA:0,(anonymous_2)
DA:4,0
DA:6,0
DA:7,0
LF:3
LH:0
BRF:0
BRH:0
end_of_record
TN:
SF:src\gasMonitor.js
FN:4,(anonymous_0)
FN:20,(anonymous_1)
FN:53,(anonymous_2)
FN:94,(anonymous_3)
FN:98,(anonymous_4)
FNF:5
FNH:5
FNDA:15,(anonymous_0)
FNDA:10,(anonymous_1)
FNDA:10,(anonymous_2)
FNDA:9,(anonymous_3)
FNDA:1,(anonymous_4)
DA:1,1
DA:5,15
DA:7,15
DA:10,15
DA:12,15
DA:15,15
DA:16,15
DA:17,15
DA:21,10
DA:22,10
DA:24,10
DA:26,10
DA:27,5
DA:28,5
DA:29,5
DA:30,2
DA:31,2
DA:34,10
DA:35,1
DA:39,9
DA:40,5
DA:46,10
DA:47,6
DA:50,10
DA:54,10
DA:55,10
DA:57,10
DA:59,10
DA:60,10
DA:67,10
DA:75,0
DA:76,0
DA:79,0
DA:81,0
DA:87,10
DA:95,9
DA:99,1
DA:107,1
LF:38
LH:34
BRDA:8,0,0,15
BRDA:8,0,1,1
BRDA:10,1,0,15
BRDA:10,1,1,1
BRDA:13,2,0,15
BRDA:13,2,1,1
BRDA:22,3,0,10
BRDA:22,3,1,6
BRDA:26,4,0,5
BRDA:26,4,1,5
BRDA:26,5,0,10
BRDA:26,5,1,5
BRDA:29,6,0,2
BRDA:29,6,1,3
BRDA:29,7,0,5
BRDA:29,7,1,5
BRDA:34,8,0,1
BRDA:34,8,1,9
BRDA:39,9,0,5
BRDA:39,9,1,4
BRDA:46,10,0,6
BRDA:46,10,1,4
BRDA:46,11,0,10
BRDA:46,11,1,10
BRDA:46,11,2,9
BRDA:57,12,0,0
BRDA:57,12,1,10
BRDA:57,13,0,10
BRDA:57,13,1,0
BRDA:75,14,0,0
BRDA:75,14,1,0
BRF:31
BRH:27
end_of_record
TN:
SF:src\logger.js
FN:1,createLogger
FN:3,(anonymous_1)
FN:6,(anonymous_2)
FN:9,(anonymous_3)
FNF:4
FNH:0
FNDA:0,createLogger
FNDA:0,(anonymous_1)
FNDA:0,(anonymous_2)
FNDA:0,(anonymous_3)
DA:2,0
DA:4,0
DA:7,0
DA:10,0
DA:11,0
LF:5
LH:0
BRDA:10,0,0,0
BRDA:10,0,1,0
BRF:2
BRH:0
end_of_record
TN:
SF:src\metrics.js
FN:8,(anonymous_0)
FN:29,(anonymous_1)
FN:35,(anonymous_2)
FN:42,(anonymous_3)
FN:49,(anonymous_4)
FN:58,(anonymous_5)
FN:65,(anonymous_6)
FN:82,(anonymous_7)
FN:99,(anonymous_8)
FN:111,(anonymous_9)
FN:112,(anonymous_10)
FN:123,(anonymous_11)
FN:134,(anonymous_12)
FN:144,(anonymous_13)
FN:163,(anonymous_14)
FN:167,(anonymous_15)
FN:171,(anonymous_16)
FN:175,(anonymous_17)
FNF:18
FNH:14
FNDA:16,(anonymous_0)
FNDA:3,(anonymous_1)
FNDA:1,(anonymous_2)
FNDA:0,(anonymous_3)
FNDA:5,(anonymous_4)
FNDA:0,(anonymous_5)
FNDA:14,(anonymous_6)
FNDA:4,(anonymous_7)
FNDA:14,(anonymous_8)
FNDA:9,(anonymous_9)
FNDA:7,(anonymous_10)
FNDA:7,(anonymous_11)
FNDA:4,(anonymous_12)
FNDA:2,(anonymous_13)
FNDA:5,(anonymous_14)
FNDA:0,(anonymous_15)
FNDA:0,(anonymous_16)
FNDA:15,(anonymous_17)
DA:1,2
DA:9,16
DA:16,16
DA:21,16
DA:22,16
DA:24,16
DA:25,16
DA:26,16
DA:30,3
DA:31,3
DA:36,1
DA:37,0
DA:38,0
DA:39,0
DA:41,0
DA:42,0
DA:44,1
DA:45,1
DA:50,5
DA:51,3
DA:53,5
DA:54,4
DA:59,0
DA:66,14
DA:72,14
DA:76,14
DA:77,14
DA:78,14
DA:79,14
DA:83,4
DA:84,4
DA:86,4
DA:89,4
DA:100,14
DA:101,14
DA:102,14
DA:103,14
DA:107,14
DA:108,14
DA:112,9
DA:113,7
DA:114,4
DA:115,3
DA:116,2
DA:118,1
DA:119,1
DA:123,9
DA:124,7
DA:125,7
DA:128,7
DA:135,4
DA:138,4
DA:140,4
DA:141,4
DA:145,2
DA:146,0
DA:148,0
DA:159,0
DA:160,0
DA:164,5
DA:168,0
DA:172,0
DA:176,15
DA:177,10
DA:178,10
DA:184,2
DA:186,2
DA:187,2
DA:188,2
LF:69
LH:57
BRDA:29,0,0,0
BRDA:30,1,0,3
BRDA:30,1,1,0
BRDA:36,2,0,0
BRDA:36,2,1,1
BRDA:38,3,0,0
BRDA:38,3,1,0
BRDA:44,4,0,1
BRDA:44,4,1,0
BRDA:50,5,0,3
BRDA:50,5,1,2
BRDA:53,6,0,4
BRDA:53,6,1,1
BRDA:86,7,0,4
BRDA:86,7,1,2
BRDA:90,8,0,1
BRDA:90,8,1,3
BRDA:92,9,0,2
BRDA:92,9,1,2
BRDA:99,10,0,2
BRDA:101,11,0,14
BRDA:101,11,1,14
BRDA:102,12,0,14
BRDA:102,12,1,2
BRDA:102,12,2,1
BRDA:104,13,0,14
BRDA:104,13,1,14
BRDA:113,14,0,4
BRDA:113,14,1,3
BRDA:113,15,0,7
BRDA:113,15,1,3
BRDA:115,16,0,2
BRDA:115,16,1,1
BRDA:115,17,0,3
BRDA:115,17,1,1
BRDA:138,18,0,1
BRDA:138,18,1,3
BRDA:176,19,0,10
BRDA:176,19,1,5
BRF:39
BRH:33
end_of_record
TN:
SF:src\poller.js
FN:10,(anonymous_0)
FN:40,(anonymous_1)
FN:63,(anonymous_2)
FN:64,(anonymous_3)
FN:72,(anonymous_4)
FN:109,(anonymous_5)
FN:152,(anonymous_6)
FN:207,(anonymous_7)
FN:235,(anonymous_8)
FN:283,(anonymous_9)
FN:298,(anonymous_10)
FNF:11
FNH:10
FNDA:20,(anonymous_0)
FNDA:7,(anonymous_1)
FNDA:11,(anonymous_2)
FNDA:11,(anonymous_3)
FNDA:11,(anonymous_4)
FNDA:7,(anonymous_5)
FNDA:1,(anonymous_6)
FNDA:2,(anonymous_7)
FNDA:0,(anonymous_8)
FNDA:5,(anonymous_9)
FNDA:1,(anonymous_10)
DA:1,1
DA:2,1
DA:11,20
DA:12,20
DA:15,20
DA:21,20
DA:22,20
DA:25,20
DA:41,7
DA:42,7
DA:43,7
DA:44,7
DA:45,7
DA:46,7
DA:48,7
DA:49,2
DA:50,2
DA:53,5
DA:55,5
DA:56,5
DA:60,5
DA:63,5
DA:64,11
DA:67,5
DA:70,5
DA:72,5
DA:73,11
DA:74,9
DA:76,9
DA:77,4
DA:78,4
DA:79,5
DA:80,1
DA:83,9
DA:84,2
DA:85,2
DA:86,2
DA:90,5
DA:91,5
DA:93,5
DA:96,0
DA:97,0
DA:98,0
DA:110,7
DA:112,7
DA:114,6
DA:115,1
DA:116,1
DA:120,5
DA:121,2
DA:122,2
DA:126,3
DA:127,3
DA:129,3
DA:130,2
DA:137,3
DA:140,1
DA:141,1
DA:153,1
DA:154,1
DA:157,1
DA:163,1
DA:168,1
DA:176,0
DA:178,0
DA:179,0
DA:182,0
DA:184,0
DA:185,0
DA:189,0
DA:190,0
DA:194,1
DA:195,0
DA:197,1
DA:208,2
DA:210,2
DA:211,1
DA:215,1
DA:216,1
DA:217,1
DA:218,1
DA:219,1
DA:222,0
DA:226,0
DA:227,0
DA:228,0
DA:231,0
DA:232,0
DA:235,0
DA:236,0
DA:237,0
DA:239,0
DA:241,0
DA:242,0
DA:244,0
DA:245,0
DA:247,0
DA:248,0
DA:250,0
DA:251,0
DA:253,0
DA:254,0
DA:256,0
DA:257,0
DA:259,0
DA:260,0
DA:262,0
DA:263,0
DA:265,0
DA:266,0
DA:270,0
DA:273,0
DA:274,0
DA:284,5
DA:299,1
DA:303,1
LF:116
LH:73
BRDA:10,0,0,1
BRDA:16,1,0,20
BRDA:16,1,1,1
BRDA:16,1,2,1
BRDA:21,2,0,20
BRDA:21,2,1,20
BRDA:48,3,0,2
BRDA:48,3,1,5
BRDA:48,4,0,7
BRDA:48,4,1,6
BRDA:73,5,0,9
BRDA:73,5,1,2
BRDA:73,6,0,11
BRDA:73,6,1,9
BRDA:76,7,0,4
BRDA:76,7,1,5
BRDA:79,8,0,1
BRDA:79,8,1,4
BRDA:84,9,0,2
BRDA:84,9,1,0
BRDA:114,10,0,1
BRDA:114,10,1,5
BRDA:120,11,0,2
BRDA:120,11,1,3
BRDA:129,12,0,2
BRDA:129,12,1,1
BRDA:170,13,0,1
BRDA:170,13,1,1
BRDA:178,14,0,0
BRDA:178,14,1,0
BRDA:178,15,0,0
BRDA:178,15,1,0
BRDA:184,16,0,0
BRDA:184,16,1,0
BRDA:194,17,0,0
BRDA:194,17,1,1
BRDA:194,18,0,1
BRDA:194,18,1,1
BRDA:210,19,0,1
BRDA:210,19,1,1
BRDA:216,20,0,1
BRDA:216,20,1,0
BRDA:218,21,0,1
BRDA:218,21,1,0
BRDA:226,22,0,0
BRDA:226,22,1,0
BRDA:239,23,0,0
BRDA:239,23,1,0
BRDA:239,23,2,0
BRDA:239,23,3,0
BRDA:239,23,4,0
BRDA:239,23,5,0
BRDA:239,23,6,0
BRDA:239,23,7,0
BRDA:239,23,8,0
BRF:55
BRH:34
end_of_record
TN:
SF:src\queue.js
FN:5,(anonymous_0)
FN:25,(anonymous_1)
FN:27,(anonymous_2)
FN:39,(anonymous_3)
FN:40,(anonymous_4)
FN:91,(anonymous_5)
FN:95,(anonymous_6)
FNF:7
FNH:7
FNDA:3,(anonymous_0)
FNDA:4,(anonymous_1)
FNDA:14,(anonymous_2)
FNDA:13,(anonymous_3)
FNDA:11,(anonymous_4)
FNDA:1,(anonymous_5)
FNDA:2,(anonymous_6)
DA:1,1
DA:2,1
DA:6,3
DA:8,3
DA:13,3
DA:14,3
DA:16,3
DA:17,3
DA:18,3
DA:19,3
DA:21,3
DA:22,3
DA:26,4
DA:27,14
DA:30,4
DA:33,4
DA:34,0
DA:37,4
DA:39,4
DA:40,13
DA:41,11
DA:42,11
DA:44,11
DA:46,11
DA:47,11
DA:48,10
DA:49,10
DA:50,0
DA:52,10
DA:54,1
DA:55,1
DA:56,1
DA:57,0
DA:59,1
DA:61,11
DA:66,4
DA:68,4
DA:69,4
DA:73,3
DA:74,3
DA:75,0
DA:78,3
DA:85,3
DA:86,3
DA:87,3
DA:92,1
DA:94,1
DA:95,2
DA:100,1
LF:49
LH:45
BRDA:9,0,0,3
BRDA:9,0,1,3
BRDA:9,0,2,0
BRDA:33,1,0,0
BRDA:33,1,1,4
BRDA:49,2,0,0
BRDA:49,2,1,10
BRDA:56,3,0,0
BRDA:56,3,1,1
BRDA:74,4,0,0
BRDA:74,4,1,3
BRF:11
BRH:6
end_of_record
TN:
SF:src\registry.js
FN:1,createRegistry
FN:5,(anonymous_1)
FN:6,(anonymous_2)
FN:7,(anonymous_3)
FNF:4
FNH:0
FNDA:0,createRegistry
FNDA:0,(anonymous_1)
FNDA:0,(anonymous_2)
FNDA:0,(anonymous_3)
DA:2,0
DA:4,0
DA:5,0
DA:6,0
DA:7,0
LF:5
LH:0
BRF:0
BRH:0
end_of_record
TN:
SF:src\retry.js
FN:1,retry
FN:10,(anonymous_1)
FNF:2
FNH:0
FNDA:0,retry
FNDA:0,(anonymous_1)
DA:4,0
DA:5,0
DA:6,0
DA:8,0
DA:9,0
DA:10,0
DA:15,0
LF:7
LH:0
BRDA:1,0,0,0
BRDA:1,1,0,0
BRDA:9,2,0,0
BRDA:9,2,1,0
BRF:4
BRH:0
end_of_record
TN:
SF:src\rpc.js
FN:4,createRpc
FNF:1
FNH:0
FNDA:0,createRpc
DA:2,0
DA:5,0
DA:9,0
DA:13,0
DA:14,0
DA:16,0
DA:17,0
DA:22,0
DA:26,0
DA:29,0
DA:32,0
LF:11
LH:0
BRDA:16,0,0,0
BRDA:16,0,1,0
BRF:2
BRH:0
end_of_record
TN:
SF:src\server.js
FNF:0
FNH:0
DA:1,1
DA:3,1
LF:2
LH:2
BRF:0
BRH:0
end_of_record
